This is pdfTeX, Version 3.141592653-2.6-1.40.22 (MiKTeX 21.6) (preloaded format=pdflatex 2021.7.3)  3 JUL 2021 15:01
entering extended mode
**./refman.tex
(refman.tex
LaTeX2e <2021-06-01>
L3 programming layer <2021-06-01>
(C:\Users\Ananda\AppData\Local\Programs\MiKTeX\tex/latex/base\article.cls
Document Class: article 2021/02/12 v1.4n Standard LaTeX document class
(C:\Users\Ananda\AppData\Local\Programs\MiKTeX\tex/latex/base\size10.clo
File: size10.clo 2021/02/12 v1.4n Standard LaTeX file (size option)
)
\c@part=\count182
\c@section=\count183
\c@subsection=\count184
\c@subsubsection=\count185
\c@paragraph=\count186
\c@subparagraph=\count187
\c@figure=\count188
\c@table=\count189
\abovecaptionskip=\skip47
\belowcaptionskip=\skip48
\bibindent=\dimen138
)
(C:\Users\Ananda\AppData\Local\Programs\MiKTeX\tex/latex/base\ifthen.sty
Package: ifthen 2020/11/24 v1.1c Standard LaTeX ifthen package (DPC)
)
(C:\Users\Ananda\AppData\Local\Programs\MiKTeX\tex/latex/tools\array.sty
Rollback for package 'array' requested -> date 2016-10-06.
         Best approximation is the release introduced on 2016-10-06.

(C:\Users\Ananda\AppData\Local\Programs\MiKTeX\tex/latex/tools\array-2016-10-06
.sty
Package: array 2016/10/06 v2.4d Tabular extension package (FMi)
\col@sep=\dimen139
\extrarowheight=\dimen140
\NC@list=\toks16
\extratabsurround=\skip49
\backup@length=\skip50
))
(C:\Users\Ananda\AppData\Local\Programs\MiKTeX\tex/latex/base\fixltx2e.sty
Package: fixltx2e 2016/12/29 v2.1a fixes to LaTeX (obsolete)
Applying: [2015/01/01] Old fixltx2e package on input line 46.


Package fixltx2e Warning: fixltx2e is not required with releases after 2015
(fixltx2e)                All fixes are now in the LaTeX kernel.
(fixltx2e)                See the latexrelease package for details.

Already applied: [0000/00/00] Old fixltx2e package on input line 53.
) (doxygen.sty
Package: doxygen 

(C:\Users\Ananda\AppData\Local\Programs\MiKTeX\tex/latex/base\alltt.sty
Package: alltt 2021/01/29 v2.0g defines alltt environment
)
(C:\Users\Ananda\AppData\Local\Programs\MiKTeX\tex/latex/tools\calc.sty
Package: calc 2017/05/25 v4.3 Infix arithmetic (KKT,FJ)
\calc@Acount=\count190
\calc@Bcount=\count191
\calc@Adimen=\dimen141
\calc@Bdimen=\dimen142
\calc@Askip=\skip51
\calc@Bskip=\skip52
LaTeX Info: Redefining \setlength on input line 80.
LaTeX Info: Redefining \addtolength on input line 81.
\calc@Ccount=\count192
\calc@Cskip=\skip53
)
(C:\Users\Ananda\AppData\Local\Programs\MiKTeX\tex/latex/float\float.sty
Package: float 2001/11/08 v1.3d Float enhancements (AL)
\c@float@type=\count193
\float@exts=\toks17
\float@box=\box50
\@float@everytoks=\toks18
\@floatcapt=\box51
)
(C:\Users\Ananda\AppData\Local\Programs\MiKTeX\tex/latex/tools\verbatim.sty
Package: verbatim 2020-07-07 v1.5u LaTeX2e package for verbatim enhancements
\every@verbatim=\toks19
\verbatim@line=\toks20
\verbatim@in@stream=\read2
)
(C:\Users\Ananda\AppData\Local\Programs\MiKTeX\tex/latex/xcolor\xcolor.sty
Package: xcolor 2016/05/11 v2.12 LaTeX color extensions (UK)

(C:\Users\Ananda\AppData\Local\Programs\MiKTeX\tex/latex/graphics-cfg\color.cfg
File: color.cfg 2016/01/02 v1.6 sample color configuration
)
Package xcolor Info: Driver file: pdftex.def on input line 225.

(C:\Users\Ananda\AppData\Local\Programs\MiKTeX\tex/latex/graphics-def\pdftex.de
f
File: pdftex.def 2020/10/05 v1.2a Graphics/color driver for pdftex
)
(C:\Users\Ananda\AppData\Local\Programs\MiKTeX\tex/latex/colortbl\colortbl.sty
Package: colortbl 2020/01/04 v1.0e Color table columns (DPC)
\everycr=\toks21
\minrowclearance=\skip54
)
\rownum=\count194
Package xcolor Info: Model `cmy' substituted by `cmy0' on input line 1348.
Package xcolor Info: Model `hsb' substituted by `rgb' on input line 1352.
Package xcolor Info: Model `RGB' extended on input line 1364.
Package xcolor Info: Model `HTML' substituted by `rgb' on input line 1366.
Package xcolor Info: Model `Hsb' substituted by `hsb' on input line 1367.
Package xcolor Info: Model `tHsb' substituted by `hsb' on input line 1368.
Package xcolor Info: Model `HSB' substituted by `hsb' on input line 1369.
Package xcolor Info: Model `Gray' substituted by `gray' on input line 1370.
Package xcolor Info: Model `wave' substituted by `hsb' on input line 1371.
) (longtable_doxygen.sty
Package: longtable_doxygen 2014/10/28 v4.11 Multi-page Table package (DPC) - fr
ozen version for doxygen
\LTleft=\skip55
\LTright=\skip56
\LTpre=\skip57
\LTpost=\skip58
\LTchunksize=\count195
\LTcapwidth=\dimen143
\LT@head=\box52
\LT@firsthead=\box53
\LT@foot=\box54
\LT@lastfoot=\box55
\LT@cols=\count196
\LT@rows=\count197
\c@LT@tables=\count198
\c@LT@chunks=\count199
\LT@p@ftn=\toks22
) (tabu_doxygen.sty
Package: tabu_doxygen 2011/02/26 v2.8 - flexible LaTeX tabulars (FC), frozen ve
rsion for doxygen

(C:\Users\Ananda\AppData\Local\Programs\MiKTeX\tex/latex/varwidth\varwidth.sty
Package: varwidth 2009/03/30 ver 0.92;  Variable-width minipages
\@vwid@box=\box56
\sift@deathcycles=\count266
\@vwid@loff=\dimen144
\@vwid@roff=\dimen145
)
\c@taburow=\count267
\tabu@nbcols=\count268
\tabu@cnt=\count269
\tabu@Xcol=\count270
\tabu@alloc=\count271
\tabu@nested=\count272
\tabu@target=\dimen146
\tabu@spreadtarget=\dimen147
\tabu@naturalX=\dimen148
\tabucolX=\dimen149
\tabu@Xsum=\dimen150
\extrarowdepth=\dimen151
\abovetabulinesep=\dimen152
\belowtabulinesep=\dimen153
\tabustrutrule=\dimen154
\tabu@thebody=\toks23
\tabu@footnotes=\toks24
\tabu@box=\box57
\tabu@arstrutbox=\box58
\tabu@hleads=\box59
\tabu@vleads=\box60
\tabu@cellskip=\skip59
)
(C:\Users\Ananda\AppData\Local\Programs\MiKTeX\tex/latex/fancyvrb\fancyvrb.sty
Package: fancyvrb 2021/01/20 v3.7 verbatim text (tvz,hv)

(C:\Users\Ananda\AppData\Local\Programs\MiKTeX\tex/latex/graphics\keyval.sty
Package: keyval 2014/10/28 v1.15 key=value parser (DPC)
\KV@toks@=\toks25
)
\FV@CodeLineNo=\count273
\FV@InFile=\read3
\FV@TabBox=\box61
\c@FancyVerbLine=\count274
\FV@StepNumber=\count275
\FV@OutFile=\write3
)
(C:\Users\Ananda\AppData\Local\Programs\MiKTeX\tex/latex/tools\tabularx.sty
Package: tabularx 2020/01/15 v2.11c `tabularx' package (DPC)
\TX@col@width=\dimen155
\TX@old@table=\dimen156
\TX@old@col=\dimen157
\TX@target=\dimen158
\TX@delta=\dimen159
\TX@cols=\count276
\TX@ftn=\toks26
)
(C:\Users\Ananda\AppData\Local\Programs\MiKTeX\tex/latex/tools\multicol.sty
Package: multicol 2019/12/09 v1.8y multicolumn formatting (FMi)
\c@tracingmulticols=\count277
\mult@box=\box62
\multicol@leftmargin=\dimen160
\c@unbalance=\count278
\c@collectmore=\count279
\doublecol@number=\count280
\multicoltolerance=\count281
\multicolpretolerance=\count282
\full@width=\dimen161
\page@free=\dimen162
\premulticols=\dimen163
\postmulticols=\dimen164
\multicolsep=\skip60
\multicolbaselineskip=\skip61
\partial@page=\box63
\last@line=\box64
\maxbalancingoverflow=\dimen165
\mult@rightbox=\box65
\mult@grightbox=\box66
\mult@gfirstbox=\box67
\mult@firstbox=\box68
\@tempa=\box69
\@tempa=\box70
\@tempa=\box71
\@tempa=\box72
\@tempa=\box73
\@tempa=\box74
\@tempa=\box75
\@tempa=\box76
\@tempa=\box77
\@tempa=\box78
\@tempa=\box79
\@tempa=\box80
\@tempa=\box81
\@tempa=\box82
\@tempa=\box83
\@tempa=\box84
\@tempa=\box85
\@tempa=\box86
\@tempa=\box87
\@tempa=\box88
\@tempa=\box89
\@tempa=\box90
\@tempa=\box91
\@tempa=\box92
\@tempa=\box93
\@tempa=\box94
\@tempa=\box95
\@tempa=\box96
\@tempa=\box97
\@tempa=\box98
\@tempa=\box99
\@tempa=\box100
\@tempa=\box101
\@tempa=\box102
\@tempa=\box103
\@tempa=\box104
\@tempa=\box105
\c@minrows=\count283
\c@columnbadness=\count284
\c@finalcolumnbadness=\count285
\last@try=\dimen166
\multicolovershoot=\dimen167
\multicolundershoot=\dimen168
\mult@nat@firstbox=\box106
\colbreak@box=\box107
\mc@col@check@num=\count286
)
(C:\Users\Ananda\AppData\Local\Programs\MiKTeX\tex/latex/multirow\multirow.sty
Package: multirow 2021/03/15 v2.8 Span multiple rows of a table
\multirow@colwidth=\skip62
\multirow@cntb=\count287
\multirow@dima=\skip63
\bigstrutjot=\dimen169
) (C:\Users\Ananda\AppData\Local\Programs\MiKTeX\tex/latex/hanging\hanging.sty
Package: hanging 2009/09/02 v1.2b hanging paragraphs and punctuation
\h@ngcommawd=\skip64
\h@ngfstopwd=\skip65
\h@ngquotewd=\skip66
\h@ngdquotewd=\skip67
\h@ngquerywd=\skip68
\h@ngexclwd=\skip69
\h@ngcolonwd=\skip70
\h@ngscolonwd=\skip71
)
(C:\Users\Ananda\AppData\Local\Programs\MiKTeX\tex/generic/iftex\ifpdf.sty
Package: ifpdf 2019/10/25 v3.4 ifpdf legacy package. Use iftex instead.

(C:\Users\Ananda\AppData\Local\Programs\MiKTeX\tex/generic/iftex\iftex.sty
Package: iftex 2020/03/06 v1.0d TeX engine tests
))
(C:\Users\Ananda\AppData\Local\Programs\MiKTeX\tex/latex/adjustbox\adjustbox.st
y
Package: adjustbox 2020/08/19 v1.3 Adjusting TeX boxes (trim, clip, ...)
 (C:\Users\Ananda\AppData\Local\Programs\MiKTeX\tex/latex/xkeyval\xkeyval.sty
Package: xkeyval 2020/11/20 v2.8 package option processing (HA)

(C:\Users\Ananda\AppData\Local\Programs\MiKTeX\tex/generic/xkeyval\xkeyval.tex
(C:\Users\Ananda\AppData\Local\Programs\MiKTeX\tex/generic/xkeyval\xkvutils.tex
\XKV@toks=\toks27
\XKV@tempa@toks=\toks28
)
\XKV@depth=\count288
File: xkeyval.tex 2014/12/03 v2.7a key=value parser (HA)
))
(C:\Users\Ananda\AppData\Local\Programs\MiKTeX\tex/latex/adjustbox\adjcalc.sty
Package: adjcalc 2012/05/16 v1.1 Provides advanced setlength with multiple back
-ends (calc, etex, pgfmath)
)
(C:\Users\Ananda\AppData\Local\Programs\MiKTeX\tex/latex/adjustbox\trimclip.sty
Package: trimclip 2020/08/19 v1.2 Trim and clip general TeX material
(C:\Users\Ananda\AppData\Local\Programs\MiKTeX\tex/latex/graphics\graphicx.sty
Package: graphicx 2020/12/05 v1.2c Enhanced LaTeX Graphics (DPC,SPQR)

(C:\Users\Ananda\AppData\Local\Programs\MiKTeX\tex/latex/graphics\graphics.sty
Package: graphics 2021/03/04 v1.4d Standard LaTeX Graphics (DPC,SPQR)

(C:\Users\Ananda\AppData\Local\Programs\MiKTeX\tex/latex/graphics\trig.sty
Package: trig 2016/01/03 v1.10 sin cos tan (DPC)
)
(C:\Users\Ananda\AppData\Local\Programs\MiKTeX\tex/latex/graphics-cfg\graphics.
cfg
File: graphics.cfg 2016/06/04 v1.11 sample graphics configuration
)
Package graphics Info: Driver file: pdftex.def on input line 107.
)
\Gin@req@height=\dimen170
\Gin@req@width=\dimen171
)
(C:\Users\Ananda\AppData\Local\Programs\MiKTeX\tex/latex/collectbox\collectbox.
sty
Package: collectbox 2012/05/17 v0.4b Collect macro arguments as boxes
\collectedbox=\box108
)
\tc@llx=\dimen172
\tc@lly=\dimen173
\tc@urx=\dimen174
\tc@ury=\dimen175
Package trimclip Info: Using driver 'tc-pdftex.def'.

(C:\Users\Ananda\AppData\Local\Programs\MiKTeX\tex/latex/adjustbox\tc-pdftex.de
f
File: tc-pdftex.def 2019/01/04 v2.2 Clipping driver for pdftex
))
\adjbox@Width=\dimen176
\adjbox@Height=\dimen177
\adjbox@Depth=\dimen178
\adjbox@Totalheight=\dimen179
\adjbox@pwidth=\dimen180
\adjbox@pheight=\dimen181
\adjbox@pdepth=\dimen182
\adjbox@ptotalheight=\dimen183

(C:\Users\Ananda\AppData\Local\Programs\MiKTeX\tex/latex/ifoddpage\ifoddpage.st
y
Package: ifoddpage 2016/04/23 v1.1 Conditionals for odd/even page detection
\c@checkoddpage=\count289
))
(C:\Users\Ananda\AppData\Local\Programs\MiKTeX\tex/latex/amsfonts\amssymb.sty
Package: amssymb 2013/01/14 v3.01 AMS font symbols

(C:\Users\Ananda\AppData\Local\Programs\MiKTeX\tex/latex/amsfonts\amsfonts.sty
Package: amsfonts 2013/01/14 v3.01 Basic AMSFonts support
\@emptytoks=\toks29
\symAMSa=\mathgroup4
\symAMSb=\mathgroup5
LaTeX Font Info:    Redeclaring math symbol \hbar on input line 98.
LaTeX Font Info:    Overwriting math alphabet `\mathfrak' in version `bold'
(Font)                  U/euf/m/n --> U/euf/b/n on input line 106.
))
(C:\Users\Ananda\AppData\Local\Programs\MiKTeX\tex/latex/stackengine\stackengin
e.sty
Package: stackengine 2017/02/13 v4.01\ Stacking text and objects in convenient 
ways

(C:\Users\Ananda\AppData\Local\Programs\MiKTeX\tex/latex/etoolbox\etoolbox.sty
Package: etoolbox 2020/10/05 v2.5k e-TeX tools for LaTeX (JAW)
\etb@tempcnta=\count290
)
(C:\Users\Ananda\AppData\Local\Programs\MiKTeX\tex/latex/listofitems\listofitem
s.sty
(C:\Users\Ananda\AppData\Local\Programs\MiKTeX\tex/generic/listofitems\listofit
ems.tex
\loi_cnt_foreach_nest=\count291
\loi_nestcnt=\count292
)
Package: listofitems 2019/08/21 v1.63 Grab items in lists using user-specified 
sep char (CT)
)
\c@@stackindex=\count293
\@boxshift=\skip72
\stack@tmplength=\skip73
\temp@stkl=\skip74
\@stackedboxwidth=\skip75
\@addedbox=\box109
\@anchorbox=\box110
\stackedbox=\box111
\@centerbox=\box112
\c@ROWcellindex@=\count294
)
(C:\Users\Ananda\AppData\Local\Programs\MiKTeX\tex/latex/ulem\ulem.sty
\UL@box=\box113
\UL@hyphenbox=\box114
\UL@skip=\skip76
\UL@hook=\toks30
\UL@height=\dimen184
\UL@pe=\count295
\UL@pixel=\dimen185
\ULC@box=\box115
Package: ulem 2019/11/18
\ULdepth=\dimen186
)
\xrefbox=\box116
\xreflength=\skip77
\CodeWidthChar=\skip78
\CodeHeightChar=\skip79
\DoxyCodeWidth=\skip80
)
(C:\Users\Ananda\AppData\Local\Programs\MiKTeX\tex/latex/base\inputenc.sty
Package: inputenc 2021/02/14 v1.3d Input encoding file
\inpenc@prehook=\toks31
\inpenc@posthook=\toks32
)
(C:\Users\Ananda\AppData\Local\Programs\MiKTeX\tex/latex/base\makeidx.sty
Package: makeidx 2014/09/29 v1.0m Standard LaTeX package
)
(C:\Users\Ananda\AppData\Local\Programs\MiKTeX\tex/latex/base\textcomp.sty
Package: textcomp 2020/02/02 v2.0n Standard LaTeX package
)
(C:\Users\Ananda\AppData\Local\Programs\MiKTeX\tex/latex/wasysym\wasysym.sty
Package: wasysym 2020/01/19 v2.4 Wasy-2 symbol support package
\symwasy=\mathgroup6
LaTeX Font Info:    Overwriting symbol font `wasy' in version `bold'
(Font)                  U/wasy/m/n --> U/wasy/b/n on input line 93.
)
(C:\Users\Ananda\AppData\Local\Programs\MiKTeX\tex/generic/iftex\ifxetex.sty
Package: ifxetex 2019/10/25 v0.7 ifxetex legacy package. Use iftex instead.
)
(C:\Users\Ananda\AppData\Local\Programs\MiKTeX\tex/latex/base\fontenc.sty
Package: fontenc 2021/04/29 v2.0v Standard LaTeX package
)
(C:\Users\Ananda\AppData\Local\Programs\MiKTeX\tex/latex/psnfss\helvet.sty
Package: helvet 2020/03/25 PSNFSS-v9.3 (WaS) 
)
(C:\Users\Ananda\AppData\Local\Programs\MiKTeX\tex/latex/psnfss\courier.sty
Package: courier 2020/03/25 PSNFSS-v9.3 (WaS) 
)
(C:\Users\Ananda\AppData\Local\Programs\MiKTeX\tex/latex/sectsty\sectsty.sty
Package: sectsty 2002/02/25 v2.0.2 Commands to change all sectional heading sty
les


LaTeX Warning: Command \underbar  has changed.
               Check if current package is valid.


LaTeX Warning: Command \underline  has changed.
               Check if current package is valid.

)
(C:\Users\Ananda\AppData\Local\Programs\MiKTeX\tex/latex/geometry\geometry.sty
Package: geometry 2020/01/02 v5.9 Page Geometry

(C:\Users\Ananda\AppData\Local\Programs\MiKTeX\tex/generic/iftex\ifvtex.sty
Package: ifvtex 2019/10/25 v1.7 ifvtex legacy package. Use iftex instead.
)
\Gm@cnth=\count296
\Gm@cntv=\count297
\c@Gm@tempcnt=\count298
\Gm@bindingoffset=\dimen187
\Gm@wd@mp=\dimen188
\Gm@odd@mp=\dimen189
\Gm@even@mp=\dimen190
\Gm@layoutwidth=\dimen191
\Gm@layoutheight=\dimen192
\Gm@layouthoffset=\dimen193
\Gm@layoutvoffset=\dimen194
\Gm@dimlist=\toks33

(C:\Users\Ananda\AppData\Local\Programs\MiKTeX\tex/latex/geometry\geometry.cfg)
)
(C:\Users\Ananda\AppData\Local\Programs\MiKTeX\tex/latex/fancyhdr\fancyhdr.sty
Package: fancyhdr 2021/01/28 v4.0.1 Extensive control of page headers and foote
rs
\f@nch@headwidth=\skip81
\f@nch@O@elh=\skip82
\f@nch@O@erh=\skip83
\f@nch@O@olh=\skip84
\f@nch@O@orh=\skip85
\f@nch@O@elf=\skip86
\f@nch@O@erf=\skip87
\f@nch@O@olf=\skip88
\f@nch@O@orf=\skip89
) (C:\Users\Ananda\AppData\Local\Programs\MiKTeX\tex/latex/natbib\natbib.sty
Package: natbib 2010/09/13 8.31b (PWD, AO)
\bibhang=\skip90
\bibsep=\skip91
LaTeX Info: Redefining \cite on input line 694.
\c@NAT@ctr=\count299
)
(C:\Users\Ananda\AppData\Local\Programs\MiKTeX\tex/latex/tocloft\tocloft.sty
Package: tocloft 2017/08/31 v2.3i parameterised ToC, etc., typesetting
Package tocloft Info: The document has section divisions on input line 51.
\cftparskip=\skip92
\cftbeforetoctitleskip=\skip93
\cftaftertoctitleskip=\skip94
\cftbeforepartskip=\skip95
\cftpartnumwidth=\skip96
\cftpartindent=\skip97
\cftbeforesecskip=\skip98
\cftsecindent=\skip99
\cftsecnumwidth=\skip100
\cftbeforesubsecskip=\skip101
\cftsubsecindent=\skip102
\cftsubsecnumwidth=\skip103
\cftbeforesubsubsecskip=\skip104
\cftsubsubsecindent=\skip105
\cftsubsubsecnumwidth=\skip106
\cftbeforeparaskip=\skip107
\cftparaindent=\skip108
\cftparanumwidth=\skip109
\cftbeforesubparaskip=\skip110
\cftsubparaindent=\skip111
\cftsubparanumwidth=\skip112
\cftbeforeloftitleskip=\skip113
\cftafterloftitleskip=\skip114
\cftbeforefigskip=\skip115
\cftfigindent=\skip116
\cftfignumwidth=\skip117
\c@lofdepth=\count300
\c@lotdepth=\count301
\cftbeforelottitleskip=\skip118
\cftafterlottitleskip=\skip119
\cftbeforetabskip=\skip120
\cfttabindent=\skip121
\cfttabnumwidth=\skip122
)
\@indexfile=\write4
\openout4 = `refman.idx'.


Writing index file refman.idx

(C:\Users\Ananda\AppData\Local\Programs\MiKTeX\tex/latex/newunicodechar\newunic
odechar.sty
Package: newunicodechar 2018/04/08 v1.2 Defining Unicode characters
)

Package newunicodechar Warning: Redefining Unicode character on input line 112.



Package newunicodechar Warning: Redefining Unicode character on input line 113.


(C:\Users\Ananda\AppData\Local\Programs\MiKTeX\tex/latex/hyperref\hyperref.sty
Package: hyperref 2021-06-05 v7.00l Hypertext links for LaTeX

(C:\Users\Ananda\AppData\Local\Programs\MiKTeX\tex/generic/ltxcmds\ltxcmds.sty
Package: ltxcmds 2020-05-10 v1.25 LaTeX kernel commands for general use (HO)
)
(C:\Users\Ananda\AppData\Local\Programs\MiKTeX\tex/generic/pdftexcmds\pdftexcmd
s.sty
Package: pdftexcmds 2020-06-27 v0.33 Utility functions of pdfTeX for LuaTeX (HO
)

(C:\Users\Ananda\AppData\Local\Programs\MiKTeX\tex/generic/infwarerr\infwarerr.
sty
Package: infwarerr 2019/12/03 v1.5 Providing info/warning/error messages (HO)
)
Package pdftexcmds Info: \pdf@primitive is available.
Package pdftexcmds Info: \pdf@ifprimitive is available.
Package pdftexcmds Info: \pdfdraftmode found.
)
(C:\Users\Ananda\AppData\Local\Programs\MiKTeX\tex/generic/kvsetkeys\kvsetkeys.
sty
Package: kvsetkeys 2019/12/15 v1.18 Key value parser (HO)
)
(C:\Users\Ananda\AppData\Local\Programs\MiKTeX\tex/generic/kvdefinekeys\kvdefin
ekeys.sty
Package: kvdefinekeys 2019-12-19 v1.6 Define keys (HO)
)
(C:\Users\Ananda\AppData\Local\Programs\MiKTeX\tex/generic/pdfescape\pdfescape.
sty
Package: pdfescape 2019/12/09 v1.15 Implements pdfTeX's escape features (HO)
)
(C:\Users\Ananda\AppData\Local\Programs\MiKTeX\tex/latex/hycolor\hycolor.sty
Package: hycolor 2020-01-27 v1.10 Color options for hyperref/bookmark (HO)
)
(C:\Users\Ananda\AppData\Local\Programs\MiKTeX\tex/latex/letltxmacro\letltxmacr
o.sty
Package: letltxmacro 2019/12/03 v1.6 Let assignment for LaTeX macros (HO)
)
(C:\Users\Ananda\AppData\Local\Programs\MiKTeX\tex/latex/auxhook\auxhook.sty
Package: auxhook 2019-12-17 v1.6 Hooks for auxiliary files (HO)
)
(C:\Users\Ananda\AppData\Local\Programs\MiKTeX\tex/latex/kvoptions\kvoptions.st
y
Package: kvoptions 2020-10-07 v3.14 Key value format for package options (HO)
)
\@linkdim=\dimen195
\Hy@linkcounter=\count302
\Hy@pagecounter=\count303
 (C:\Users\Ananda\AppData\Local\Programs\MiKTeX\tex/latex/hyperref\pd1enc.def
File: pd1enc.def 2021-06-05 v7.00l Hyperref: PDFDocEncoding definition (HO)
Now handling font encoding PD1 ...
... no UTF-8 mapping file for font encoding PD1
)
(C:\Users\Ananda\AppData\Local\Programs\MiKTeX\tex/latex/hyperref\hyperref-lang
patches.def
File: hyperref-langpatches.def 2021-06-05 v7.00l Hyperref: patches for babel la
nguages
)
(C:\Users\Ananda\AppData\Local\Programs\MiKTeX\tex/generic/intcalc\intcalc.sty
Package: intcalc 2019/12/15 v1.3 Expandable calculations with integers (HO)
)
(C:\Users\Ananda\AppData\Local\Programs\MiKTeX\tex/generic/etexcmds\etexcmds.st
y
Package: etexcmds 2019/12/15 v1.7 Avoid name clashes with e-TeX commands (HO)
)
\Hy@SavedSpaceFactor=\count304
 (C:\Users\Ananda\AppData\Local\Programs\MiKTeX\tex/latex/hyperref\puenc.def
File: puenc.def 2021-06-05 v7.00l Hyperref: PDF Unicode definition (HO)
Now handling font encoding PU ...
... no UTF-8 mapping file for font encoding PU
)
Package hyperref Info: Hyper figures OFF on input line 4192.
Package hyperref Info: Link nesting OFF on input line 4197.
Package hyperref Info: Hyper index ON on input line 4200.
Package hyperref Info: Plain pages OFF on input line 4207.
Package hyperref Info: Backreferencing ON on input line 4210.
Package hyperref Info: Implicit mode ON; LaTeX internals redefined.
Package hyperref Info: Bookmarks ON on input line 4445.
(C:\Users\Ananda\AppData\Local\Programs\MiKTeX\tex/latex/hyperref\backref.sty
Package: backref 2021/02/04 v1.41 Bibliographical back referencing

(C:\Users\Ananda\AppData\Local\Programs\MiKTeX\tex/latex/rerunfilecheck\rerunfi
lecheck.sty
Package: rerunfilecheck 2019/12/05 v1.9 Rerun checks for auxiliary files (HO)

(C:\Users\Ananda\AppData\Local\Programs\MiKTeX\tex/latex/base\atveryend-ltx.sty
Package: atveryend-ltx 2020/08/19 v1.0a Emulation of the original atvery packag
e
with kernel methods
)
(C:\Users\Ananda\AppData\Local\Programs\MiKTeX\tex/generic/uniquecounter\unique
counter.sty
Package: uniquecounter 2019/12/15 v1.4 Provide unlimited unique counter (HO)

(C:\Users\Ananda\AppData\Local\Programs\MiKTeX\tex/generic/bigintcalc\bigintcal
c.sty
Package: bigintcalc 2019/12/15 v1.5 Expandable calculations on big integers (HO
)
))
Package uniquecounter Info: New unique counter `rerunfilecheck' on input line 2
86.
))
\c@Hy@tempcnt=\count305
 (C:\Users\Ananda\AppData\Local\Programs\MiKTeX\tex/latex/url\url.sty
\Urlmuskip=\muskip16
Package: url 2013/09/16  ver 3.4  Verb mode for urls, etc.
)
LaTeX Info: Redefining \url on input line 4804.
\XeTeXLinkMargin=\dimen196
(C:\Users\Ananda\AppData\Local\Programs\MiKTeX\tex/generic/bitset\bitset.sty
Package: bitset 2019/12/09 v1.3 Handle bit-vector datatype (HO)
)
\Fld@menulength=\count306
\Field@Width=\dimen197
\Fld@charsize=\dimen198
Package hyperref Info: Hyper figures OFF on input line 6076.
Package hyperref Info: Link nesting OFF on input line 6081.
Package hyperref Info: Hyper index ON on input line 6084.
Package hyperref Info: backreferencing ON on input line 6089.
Package hyperref Info: Link coloring OFF on input line 6096.
Package hyperref Info: Link coloring with OCG OFF on input line 6101.
Package hyperref Info: PDF/A mode OFF on input line 6106.
LaTeX Info: Redefining \ref on input line 6146.
LaTeX Info: Redefining \pageref on input line 6150.

(C:\Users\Ananda\AppData\Local\Programs\MiKTeX\tex/latex/base\atbegshi-ltx.sty
Package: atbegshi-ltx 2021/01/10 v1.0c Emulation of the original atbegshi
package with kernel methods
)
\Hy@abspage=\count307
\c@Item=\count308
\c@Hfootnote=\count309

LaTeX Warning: Command \LT@p@ftntext  has changed.
               Check if current package is valid.

)
Package hyperref Info: Driver: hpdftex.
 (C:\Users\Ananda\AppData\Local\Programs\MiKTeX\tex/latex/hyperref\hpdftex.def
File: hpdftex.def 2021-06-05 v7.00l Hyperref driver for pdfTeX
\Fld@listcount=\count310
\c@bookmark@seq@number=\count311
\Hy@SectionHShift=\skip123
)
Package hyperref Info: Option `colorlinks' set `true' on input line 131.
Package hyperref Info: Option `unicode' set `true' on input line 131.
 (C:\Users\Ananda\AppData\Local\Programs\MiKTeX\tex/latex/caption\caption.sty
Package: caption 2020/10/26 v3.5g Customizing captions (AR)

(C:\Users\Ananda\AppData\Local\Programs\MiKTeX\tex/latex/caption\caption3.sty
Package: caption3 2020/10/21 v2.2e caption3 kernel (AR)
\captionmargin=\dimen199
\captionmargin@=\dimen256
\captionwidth=\dimen257
\caption@tempdima=\dimen258
\caption@indent=\dimen259
\caption@parindent=\dimen260
\caption@hangindent=\dimen261
Package caption Info: Standard document class detected.
)
\c@caption@flags=\count312
\c@continuedfloat=\count313
Package caption Info: float package is loaded.
Package caption Info: hyperref package is loaded.
Package caption Info: longtable package is loaded.

(C:\Users\Ananda\AppData\Local\Programs\MiKTeX\tex/latex/caption\ltcaption.sty
Package: ltcaption 2020/05/30 v1.4b longtable captions (AR)
)) (C:\Users\Ananda\AppData\Local\Programs\MiKTeX\tex/latex/etoc\etoc.sty
Package: etoc 2020/05/15 v1.09c Completely customisable TOCs (JFB)
\Etoc@toctoks=\toks34
\c@etoc@tocid=\count314
\c@etoc@tocdepth=\count315
\etoc@framed@titlebox=\box117
\etoc@framed@contentsbox=\box118
)
LaTeX Font Info:    Trying to load font information for T1+phv on input line 14
6.

(C:\Users\Ananda\AppData\Local\Programs\MiKTeX\tex/latex/psnfss\t1phv.fd
File: t1phv.fd 2020/03/25 scalable font definitions for T1/phv.
)
LaTeX Font Info:    Font shape `T1/phv/m/n' will be
(Font)              scaled to size 8.99994pt on input line 146.

(C:\Users\Ananda\AppData\Local\Programs\MiKTeX\tex/latex/l3backend\l3backend-pd
ftex.def
File: l3backend-pdftex.def 2021-05-07 L3 backend support: PDF output (pdfTeX)
\l__color_backend_stack_int=\count316
\l__pdf_internal_box=\box119
)
No file refman.aux.
\openout1 = `refman.aux'.

LaTeX Font Info:    Checking defaults for OML/cmm/m/it on input line 146.
LaTeX Font Info:    ... okay on input line 146.
LaTeX Font Info:    Checking defaults for OMS/cmsy/m/n on input line 146.
LaTeX Font Info:    ... okay on input line 146.
LaTeX Font Info:    Checking defaults for OT1/cmr/m/n on input line 146.
LaTeX Font Info:    ... okay on input line 146.
LaTeX Font Info:    Checking defaults for T1/cmr/m/n on input line 146.
LaTeX Font Info:    ... okay on input line 146.
LaTeX Font Info:    Checking defaults for TS1/cmr/m/n on input line 146.
LaTeX Font Info:    ... okay on input line 146.
LaTeX Font Info:    Checking defaults for OMX/cmex/m/n on input line 146.
LaTeX Font Info:    ... okay on input line 146.
LaTeX Font Info:    Checking defaults for U/cmr/m/n on input line 146.
LaTeX Font Info:    ... okay on input line 146.
LaTeX Font Info:    Checking defaults for PD1/pdf/m/n on input line 146.
LaTeX Font Info:    ... okay on input line 146.
LaTeX Font Info:    Checking defaults for PU/pdf/m/n on input line 146.
LaTeX Font Info:    ... okay on input line 146.

(C:\Users\Ananda\AppData\Local\Programs\MiKTeX\tex/context/base/mkii\supp-pdf.m
kii
[Loading MPS to PDF converter (version 2006.09.02).]
\scratchcounter=\count317
\scratchdimen=\dimen262
\scratchbox=\box120
\nofMPsegments=\count318
\nofMParguments=\count319
\everyMPshowfont=\toks35
\MPscratchCnt=\count320
\MPscratchDim=\dimen263
\MPnumerator=\count321
\makeMPintoPDFobject=\count322
\everyMPtoPDFconversion=\toks36
)
(C:\Users\Ananda\AppData\Local\Programs\MiKTeX\tex/latex/epstopdf-pkg\epstopdf-
base.sty
Package: epstopdf-base 2020-01-24 v2.11 Base part for package epstopdf
Package epstopdf-base Info: Redefining graphics rule for `.eps' on input line 4
85.

(C:\Users\Ananda\AppData\Local\Programs\MiKTeX\tex/latex/00miktex\epstopdf-sys.
cfg
File: epstopdf-sys.cfg 2021/03/18 v2.0 Configuration of epstopdf for MiKTeX
))
*geometry* driver: auto-detecting
*geometry* detected driver: pdftex
*geometry* verbose mode - [ preamble ] result:
* driver: pdftex
* paper: a4paper
* layout: <same size as paper>
* layoutoffset:(h,v)=(0.0pt,0.0pt)
* modes: twoside 
* h-part:(L,W,R)=(71.13188pt, 455.24411pt, 71.13188pt)
* v-part:(T,H,B)=(71.13188pt, 702.78308pt, 71.13188pt)
* \paperwidth=597.50787pt
* \paperheight=845.04684pt
* \textwidth=455.24411pt
* \textheight=702.78308pt
* \oddsidemargin=-1.1381pt
* \evensidemargin=-1.1381pt
* \topmargin=-38.1381pt
* \headheight=12.0pt
* \headsep=25.0pt
* \topskip=10.0pt
* \footskip=30.0pt
* \marginparwidth=121.0pt
* \marginparsep=11.0pt
* \columnsep=10.0pt
* \skip\footins=9.0pt plus 4.0pt minus 2.0pt
* \hoffset=0.0pt
* \voffset=0.0pt
* \mag=1000
* \@twocolumnfalse
* \@twosidetrue
* \@mparswitchtrue
* \@reversemarginfalse
* (1in=72.27pt=25.4mm, 1cm=28.453pt)

Package hyperref Info: Link coloring ON on input line 146.
(C:\Users\Ananda\AppData\Local\Programs\MiKTeX\tex/latex/hyperref\nameref.sty
Package: nameref 2021-04-02 v2.47 Cross-referencing by name of section

(C:\Users\Ananda\AppData\Local\Programs\MiKTeX\tex/latex/refcount\refcount.sty
Package: refcount 2019/12/15 v3.6 Data extraction from label references (HO)
)
(C:\Users\Ananda\AppData\Local\Programs\MiKTeX\tex/generic/gettitlestring\getti
tlestring.sty
Package: gettitlestring 2019/12/15 v1.6 Cleanup title references (HO)
)
\c@section@level=\count323
)
LaTeX Info: Redefining \ref on input line 146.
LaTeX Info: Redefining \pageref on input line 146.
LaTeX Info: Redefining \nameref on input line 146.
\@outlinefile=\write5
\openout5 = `refman.out'.

Package backref Info: ** backref set up for natbib ** on input line 146.
Package caption Info: Begin \AtBeginDocument code.
Package caption Info: End \AtBeginDocument code.

No file refman.toc.
Package hyperref Info: Option `pageanchor' set `false' on input line 153.
Package hyperref Info: Option `bookmarksnumbered' set `true' on input line 153.

Package hyperref Info: Option `unicode' set `true' on input line 153.
LaTeX Font Info:    Font shape `T1/phv/m/n' will be
(Font)              scaled to size 12.9599pt on input line 158.
LaTeX Font Info:    Font shape `T1/phv/m/n' will be
(Font)              scaled to size 10.79993pt on input line 160.
[1

{C:/Users/Ananda/AppData/Local/MiKTeX/pdftex/config/pdftex.map}]
\tf@toc=\write6
\openout6 = `refman.toc'.

Package hyperref Info: Option `pageanchor' set `true' on input line 166.
LaTeX Font Info:    Font shape `T1/phv/b/n' will be
(Font)              scaled to size 12.9599pt on input line 169.

(hierarchy.tex
LaTeX Font Info:    Font shape `T1/phv/b/n' will be
(Font)              scaled to size 10.79993pt on input line 1.
LaTeX Font Info:    Font shape `T1/phv/m/n' will be
(Font)              scaled to size 6.29996pt on input line 2.
LaTeX Font Info:    Trying to load font information for U+msa on input line 2.

(C:\Users\Ananda\AppData\Local\Programs\MiKTeX\tex/latex/amsfonts\umsa.fd
File: umsa.fd 2013/01/14 v3.01 AMS symbols A
)
LaTeX Font Info:    Trying to load font information for U+msb on input line 2.

(C:\Users\Ananda\AppData\Local\Programs\MiKTeX\tex/latex/amsfonts\umsb.fd
File: umsb.fd 2013/01/14 v3.01 AMS symbols B
)
LaTeX Font Info:    Trying to load font information for U+wasy on input line 2.


(C:\Users\Ananda\AppData\Local\Programs\MiKTeX\tex/latex/wasysym\uwasy.fd
File: uwasy.fd 2020/01/19 v2.4 Wasy-2 symbol font definitions
)
LaTeX Font Info:    Font shape `T1/phv/b/n' will be
(Font)              scaled to size 8.99994pt on input line 3.


LaTeX Warning: Reference `class_flow' on page 1 undefined on input line 3.


LaTeX Warning: Reference `class_exponential' on page 1 undefined on input line 
5.


LaTeX Warning: Reference `class_logistic' on page 1 undefined on input line 6.


LaTeX Warning: Reference `class_model' on page 1 undefined on input line 8.


LaTeX Warning: Reference `class_system' on page 1 undefined on input line 9.

) (annotated.tex

LaTeX Warning: Reference `class_exponential' on page 1 undefined on input line 
3.


LaTeX Warning: Reference `class_flow' on page 1 undefined on input line 4.


LaTeX Warning: Reference `class_logistic' on page 1 undefined on input line 5.


LaTeX Warning: Reference `class_model' on page 1 undefined on input line 6.


LaTeX Warning: Reference `class_system' on page 1 undefined on input line 7.

) (files.tex
LaTeX Font Info:    Font shape `T1/phv/b/n' will be
(Font)              scaled to size 6.29996pt on input line 3.


LaTeX Warning: Reference `flow_8cpp' on page 1 undefined on input line 3.


LaTeX Warning: Reference `flow_8h' on page 1 undefined on input line 4.


LaTeX Warning: Reference `src_2main_8cpp' on page 1 undefined on input line 5.


LaTeX Warning: Reference `model_8cpp' on page 1 undefined on input line 6.


LaTeX Warning: Reference `model_8h' on page 1 undefined on input line 7.


LaTeX Warning: Reference `system_8cpp' on page 1 undefined on input line 8.


LaTeX Warning: Reference `system_8h' on page 1 undefined on input line 9.


LaTeX Warning: Reference `functional__tests_8cpp' on page 1 undefined on input 
line 10.


LaTeX Warning: Reference `functional__tests_8h' on page 1 undefined on input li
ne 11.


LaTeX Warning: Reference `test_2functional_2main_8cpp' on page 1 undefined on i
nput line 12.

[1]

LaTeX Warning: Reference `test_2unit_2main_8cpp' on page 2 undefined on input l
ine 13.


LaTeX Warning: Reference `unit__tests_8cpp' on page 2 undefined on input line 1
4.


LaTeX Warning: Reference `unit__tests_8h' on page 2 undefined on input line 15.


) (class_exponential.tex
LaTeX Font Info:    Trying to load font information for T1+pcr on input line 5.


(C:\Users\Ananda\AppData\Local\Programs\MiKTeX\tex/latex/psnfss\t1pcr.fd
File: t1pcr.fd 2001/06/04 font definitions for T1/pcr.
) <./class_exponential__inherit__graph.pdf

pdfTeX warning: pdflatex.exe (file ./class_exponential__inherit__graph.pdf): PD
F inclusion: multiple pdfs with page group included in a single page
>
<class_exponential__inherit__graph.pdf, id=49, 174.6525pt x 354.32375pt>
File: class_exponential__inherit__graph.pdf Graphic file (type pdf)
<use class_exponential__inherit__graph.pdf>
Package pdftex.def Info: class_exponential__inherit__graph.pdf  used on input l
ine 14.
(pdftex.def)             Requested size: 174.0pt x 353.0199pt.
 <./class_exponential__coll__graph.pdf

pdfTeX warning: pdflatex.exe (file ./class_exponential__coll__graph.pdf): PDF i
nclusion: multiple pdfs with page group included in a single page
>
<class_exponential__coll__graph.pdf, id=57, 183.68625pt x 549.05125pt>
File: class_exponential__coll__graph.pdf Graphic file (type pdf)
<use class_exponential__coll__graph.pdf>
Package pdftex.def Info: class_exponential__coll__graph.pdf  used on input line
 24.
(pdftex.def)             Requested size: 183.0pt x 547.03923pt.
 [2]
LaTeX Font Info:    Trying to load font information for TS1+phv on input line 3
0.
 (C:\Users\Ananda\AppData\Local\Programs\MiKTeX\tex/latex/psnfss\ts1phv.fd
File: ts1phv.fd 2020/03/25 scalable font definitions for TS1/phv.
)
LaTeX Font Info:    Font shape `TS1/phv/m/n' will be
(Font)              scaled to size 8.99994pt on input line 30.
LaTeX Font Info:    Font shape `T1/phv/m/n' will be
(Font)              scaled to size 8.09995pt on input line 31.
LaTeX Font Info:    Font shape `T1/phv/m/it' in size <9> not available
(Font)              Font shape `T1/phv/m/sl' tried instead on input line 31.
LaTeX Font Info:    Font shape `T1/phv/m/sl' will be
(Font)              scaled to size 8.09995pt on input line 31.
 [3]
LaTeX Font Info:    Font shape `T1/phv/m/n' will be
(Font)              scaled to size 7.19995pt on input line 44.
LaTeX Font Info:    Font shape `T1/phv/b/n' will be
(Font)              scaled to size 7.19995pt on input line 44.
LaTeX Font Info:    Font shape `T1/pcr/m/it' in size <8> not available
(Font)              Font shape `T1/pcr/m/sl' tried instead on input line 54.
LaTeX Font Info:    Font shape `T1/phv/bc/n' will be
(Font)              scaled to size 8.99994pt on input line 69.

Underfull \hbox (badness 10000) detected at line 69
[][][]
 []

) (class_flow.tex <./class_flow__inherit__graph.pdf>
<class_flow__inherit__graph.pdf, id=107, 246.9225pt x 354.32375pt>
File: class_flow__inherit__graph.pdf Graphic file (type pdf)
<use class_flow__inherit__graph.pdf>
Package pdftex.def Info: class_flow__inherit__graph.pdf  used on input line 19.

(pdftex.def)             Requested size: 246.0pt x 352.99826pt.
 [4] <./class_flow__coll__graph.pdf

pdfTeX warning: pdflatex.exe (file ./class_flow__coll__graph.pdf): PDF inclusio
n: multiple pdfs with page group included in a single page
>
<class_flow__coll__graph.pdf, id=130, 183.68625pt x 431.6125pt>
File: class_flow__coll__graph.pdf Graphic file (type pdf)
<use class_flow__coll__graph.pdf>
Package pdftex.def Info: class_flow__coll__graph.pdf  used on input line 29.
(pdftex.def)             Requested size: 183.0pt x 430.03082pt.
 [5] [6]
Underfull \hbox (badness 10000) detected at line 65
[][][]
 []


Underfull \hbox (badness 10000) detected at line 110
[][][]
 []


Underfull \hbox (badness 10000) detected at line 123
[][][]
 []

[7]

Package longtable Warning: Column widths have changed
(longtable)                in table 1 on input line 140.


Underfull \hbox (badness 10000) detected at line 141
[][][]
 []


Underfull \hbox (badness 10000) detected at line 154
[][][]
 []

[8]

Package longtable Warning: Column widths have changed
(longtable)                in table 2 on input line 175.


Package longtable Warning: Column widths have changed
(longtable)                in table 3 on input line 190.

) (class_logistic.tex <./class_logistic__inherit__graph.pdf

pdfTeX warning: pdflatex.exe (file ./class_logistic__inherit__graph.pdf): PDF i
nclusion: multiple pdfs with page group included in a single page
>
<class_logistic__inherit__graph.pdf, id=229, 174.6525pt x 354.32375pt>
File: class_logistic__inherit__graph.pdf Graphic file (type pdf)
<use class_logistic__inherit__graph.pdf>
Package pdftex.def Info: class_logistic__inherit__graph.pdf  used on input line
 14.
(pdftex.def)             Requested size: 174.0pt x 353.0199pt.
 [9] <./class_logistic__coll__graph.pdf

pdfTeX warning: pdflatex.exe (file ./class_logistic__coll__graph.pdf): PDF incl
usion: multiple pdfs with page group included in a single page
>
<class_logistic__coll__graph.pdf, id=248, 183.68625pt x 549.05125pt>
File: class_logistic__coll__graph.pdf Graphic file (type pdf)
<use class_logistic__coll__graph.pdf>
Package pdftex.def Info: class_logistic__coll__graph.pdf  used on input line 24
.
(pdftex.def)             Requested size: 183.0pt x 547.03923pt.
 [10] [11]
Underfull \hbox (badness 10000) detected at line 69
[][][]
 []

) (class_model.tex <./class_model__coll__graph.pdf>
<class_model__coll__graph.pdf, id=282, 153.57375pt x 204.765pt>
File: class_model__coll__graph.pdf Graphic file (type pdf)
<use class_model__coll__graph.pdf>
Package pdftex.def Info: class_model__coll__graph.pdf  used on input line 19.
(pdftex.def)             Requested size: 153.0pt x 204.01147pt.
 [12]
Underfull \hbox (badness 10000) detected at line 49
[][][]
 []

[13]

Package longtable Warning: Column widths have changed
(longtable)                in table 4 on input line 112.


Underfull \hbox (badness 10000) detected at line 113
[][][]
 []


Package longtable Warning: Column widths have changed
(longtable)                in table 5 on input line 132.


Underfull \hbox (badness 10000) detected at line 133
[][][]
 []

[14]) (class_system.tex <./class_system__coll__graph.pdf

pdfTeX warning: pdflatex.exe (file ./class_system__coll__graph.pdf): PDF inclus
ion: multiple pdfs with page group included in a single page
>
<class_system__coll__graph.pdf, id=360, 153.57375pt x 226.8475pt>
File: class_system__coll__graph.pdf Graphic file (type pdf)
<use class_system__coll__graph.pdf>
Package pdftex.def Info: class_system__coll__graph.pdf  used on input line 19.
(pdftex.def)             Requested size: 153.0pt x 226.01273pt.
 [15]
Underfull \hbox (badness 10000) detected at line 53
[][][]
 []


Underfull \hbox (badness 10000) detected at line 98
[][][]
 []


Underfull \hbox (badness 10000) detected at line 111
[][][]
 []

[16]

Package longtable Warning: Column widths have changed
(longtable)                in table 6 on input line 128.


Underfull \hbox (badness 10000) detected at line 129
[][][]
 []


Package longtable Warning: Column widths have changed
(longtable)                in table 7 on input line 146.


Package longtable Warning: Column widths have changed
(longtable)                in table 8 on input line 161.

) (flow_8cpp.tex <./flow_8cpp__incl.pdf

pdfTeX warning: pdflatex.exe (file ./flow_8cpp__incl.pdf): PDF inclusion: multi
ple pdfs with page group included in a single page
>
<flow_8cpp__incl.pdf, id=428, 200.75pt x 269.005pt>
File: flow_8cpp__incl.pdf Graphic file (type pdf)
<use flow_8cpp__incl.pdf>
Package pdftex.def Info: flow_8cpp__incl.pdf  used on input line 9.
(pdftex.def)             Requested size: 200.0pt x 268.0192pt.
 [17]) (flow_8h.tex <./flow_8h__incl.pdf

pdfTeX warning: pdflatex.exe (file ./flow_8h__incl.pdf): PDF inclusion: multipl
e pdfs with page group included in a single page
>
<flow_8h__incl.pdf, id=448, 198.7425pt x 212.795pt>
File: flow_8h__incl.pdf Graphic file (type pdf)
<use flow_8h__incl.pdf>
Package pdftex.def Info: flow_8h__incl.pdf  used on input line 9.
(pdftex.def)             Requested size: 198.0pt x 212.00543pt.
 <./flow_8h__dep__incl.pdf

pdfTeX warning: pdflatex.exe (file ./flow_8h__dep__incl.pdf): PDF inclusion: mu
ltiple pdfs with page group included in a single page
>
<flow_8h__dep__incl.pdf, id=456, 568.1225pt x 291.0875pt>
File: flow_8h__dep__incl.pdf Graphic file (type pdf)
<use flow_8h__dep__incl.pdf>
Package pdftex.def Info: flow_8h__dep__incl.pdf  used on input line 17.
(pdftex.def)             Requested size: 350.0pt x 179.33531pt.
 [18]) (src_2main_8cpp.tex <./src_2main_8cpp__incl.pdf>
<src_2main_8cpp__incl.pdf, id=478, 287.0725pt x 325.215pt>
File: src_2main_8cpp__incl.pdf Graphic file (type pdf)
<use src_2main_8cpp__incl.pdf>
Package pdftex.def Info: src_2main_8cpp__incl.pdf  used on input line 10.
(pdftex.def)             Requested size: 286.0pt x 324.00833pt.
 [19])
(test_2functional_2main_8cpp.tex <./test_2functional_2main_8cpp__incl.pdf>
<test_2functional_2main_8cpp__incl.pdf, id=495, 383.4325pt x 392.46625pt>
File: test_2functional_2main_8cpp__incl.pdf Graphic file (type pdf)
<use test_2functional_2main_8cpp__incl.pdf>
Package pdftex.def Info: test_2functional_2main_8cpp__incl.pdf  used on input l
ine 9.
(pdftex.def)             Requested size: 350.0pt x 358.26468pt.

[20]) (test_2unit_2main_8cpp.tex) (model_8cpp.tex <./model_8cpp__incl.pdf>
<model_8cpp__incl.pdf, id=514, 287.0725pt x 325.215pt>
File: model_8cpp__incl.pdf Graphic file (type pdf)
<use model_8cpp__incl.pdf>
Package pdftex.def Info: model_8cpp__incl.pdf  used on input line 9.
(pdftex.def)             Requested size: 286.0pt x 324.00833pt.
)
(model_8h.tex [21] <./model_8h__incl.pdf>
<model_8h__incl.pdf, id=533, 287.0725pt x 269.005pt>
File: model_8h__incl.pdf Graphic file (type pdf)
<use model_8h__incl.pdf>
Package pdftex.def Info: model_8h__incl.pdf  used on input line 11.
(pdftex.def)             Requested size: 286.0pt x 268.00688pt.
 [22] <./model_8h__dep__incl.pdf>
<model_8h__dep__incl.pdf, id=550, 568.1225pt x 234.8775pt>
File: model_8h__dep__incl.pdf Graphic file (type pdf)
<use model_8h__dep__incl.pdf>
Package pdftex.def Info: model_8h__dep__incl.pdf  used on input line 19.
(pdftex.def)             Requested size: 350.0pt x 144.70505pt.
)
(system_8cpp.tex <./system_8cpp__incl.pdf

pdfTeX warning: pdflatex.exe (file ./system_8cpp__incl.pdf): PDF inclusion: mul
tiple pdfs with page group included in a single page
>
<system_8cpp__incl.pdf, id=559, 214.8025pt x 212.795pt>
File: system_8cpp__incl.pdf Graphic file (type pdf)
<use system_8cpp__incl.pdf>
Package pdftex.def Info: system_8cpp__incl.pdf  used on input line 9.
(pdftex.def)             Requested size: 214.0pt x 212.0022pt.
) (system_8h.tex [23] <./system_8h__incl.pdf>
<system_8h__incl.pdf, id=576, 203.76125pt x 156.585pt>
File: system_8h__incl.pdf Graphic file (type pdf)
<use system_8h__incl.pdf>
Package pdftex.def Info: system_8h__incl.pdf  used on input line 10.
(pdftex.def)             Requested size: 203.0pt x 156.0064pt.
 <./system_8h__dep__incl.pdf

pdfTeX warning: pdflatex.exe (file ./system_8h__dep__incl.pdf): PDF inclusion: 
multiple pdfs with page group included in a single page
>
<system_8h__dep__incl.pdf, id=584, 568.1225pt x 347.2975pt>
File: system_8h__dep__incl.pdf Graphic file (type pdf)
<use system_8h__dep__incl.pdf>
Package pdftex.def Info: system_8h__dep__incl.pdf  used on input line 18.
(pdftex.def)             Requested size: 350.0pt x 213.96559pt.
 [24]) (functional__tests_8cpp.tex <./functional__tests_8cpp__incl.pdf>
<functional__tests_8cpp__incl.pdf, id=602, 383.4325pt x 392.46625pt>
File: functional__tests_8cpp__incl.pdf Graphic file (type pdf)
<use functional__tests_8cpp__incl.pdf>
Package pdftex.def Info: functional__tests_8cpp__incl.pdf  used on input line 9
.
(pdftex.def)             Requested size: 350.0pt x 358.26468pt.

[25] [26]
Underfull \hbox (badness 10000) detected at line 44
[][][]
 []

) (functional__tests_8h.tex <./functional__tests_8h__incl.pdf>
<functional__tests_8h__incl.pdf, id=634, 383.4325pt x 336.25626pt>
File: functional__tests_8h__incl.pdf Graphic file (type pdf)
<use functional__tests_8h__incl.pdf>
Package pdftex.def Info: functional__tests_8h__incl.pdf  used on input line 11.

(pdftex.def)             Requested size: 350.0pt x 306.95314pt.
 <./functional__tests_8h__dep__incl.pdf

pdfTeX warning: pdflatex.exe (file ./functional__tests_8h__dep__incl.pdf): PDF 
inclusion: multiple pdfs with page group included in a single page
>
<functional__tests_8h__dep__incl.pdf, id=642, 353.32pt x 178.6675pt>
File: functional__tests_8h__dep__incl.pdf Graphic file (type pdf)
<use functional__tests_8h__dep__incl.pdf>
Package pdftex.def Info: functional__tests_8h__dep__incl.pdf  used on input lin
e 19.
(pdftex.def)             Requested size: 350.0pt x 176.9904pt.
 [27]
Underfull \hbox (badness 10000) detected at line 54
[][][]
 []

) (unit__tests_8cpp.tex) (unit__tests_8h.tex) [28]
No file refman.ind.

Package longtable Warning: Table widths have changed. Rerun LaTeX.

(refman.aux)

LaTeX Warning: There were undefined references.


LaTeX Warning: Label(s) may have changed. Rerun to get cross-references right.


Package rerunfilecheck Warning: File `refman.out' has changed.
(rerunfilecheck)                Rerun to get outlines right
(rerunfilecheck)                or use package `bookmark'.

Package rerunfilecheck Info: Checksums for `refman.out':
(rerunfilecheck)             Before: <no file>
(rerunfilecheck)             After:  9FCF552BF6FD654DC53EB12E66F24080;10988.
 ) 
Here is how much of TeX's memory you used:
 16939 strings out of 478864
 265505 string characters out of 2848187
 584982 words of memory out of 3000000
 34280 multiletter control sequences out of 15000+600000
 448623 words of font info for 88 fonts, out of 8000000 for 9000
 1141 hyphenation exceptions out of 8191
 101i,15n,117p,427b,636s stack positions out of 5000i,500n,10000p,200000b,80000s
{C:/Users/Ananda/AppData/Local/Programs/MiKTeX/fonts/enc/dvips/base/8r.enc}<C
:/Users/Ananda/AppData/Local/Programs/MiKTeX/fonts/type1/public/amsfonts/cm/cmm
i10.pfb><C:/Users/Ananda/AppData/Local/Programs/MiKTeX/fonts/type1/public/amsfo
nts/cm/cmmi8.pfb><C:/Users/Ananda/AppData/Local/Programs/MiKTeX/fonts/type1/pub
lic/amsfonts/cm/cmsy10.pfb><C:/Users/Ananda/AppData/Local/Programs/MiKTeX/fonts
/type1/public/amsfonts/cm/cmsy8.pfb><C:/Users/Ananda/AppData/Local/Programs/MiK
TeX/fonts/type1/urw/courier/ucrb8a.pfb><C:/Users/Ananda/AppData/Local/Programs/
MiKTeX/fonts/type1/urw/courier/ucrr8a.pfb><C:/Users/Ananda/AppData/Local/Progra
ms/MiKTeX/fonts/type1/urw/courier/ucrro8a.pfb><C:/Users/Ananda/AppData/Local/Pr
ograms/MiKTeX/fonts/type1/urw/helvetic/uhvb8a.pfb><C:/Users/Ananda/AppData/Loca
l/Programs/MiKTeX/fonts/type1/urw/helvetic/uhvb8ac.pfb><C:/Users/Ananda/AppData
/Local/Programs/MiKTeX/fonts/type1/urw/helvetic/uhvr8a.pfb><C:/Users/Ananda/App
Data/Local/Programs/MiKTeX/fonts/type1/urw/helvetic/uhvro8a.pfb>
Output written on refman.pdf (29 pages, 581876 bytes).
PDF statistics:
 775 PDF objects out of 1000 (max. 8388607)
 227 named destinations out of 1000 (max. 500000)
 111 words of extra memory for PDF output out of 10000 (max. 10000000)

